Línea 19: la clase MSAdodcLib.Adodc del control AdoCliente no era una clase de control cargada.
Línea 65: la clase MSAdodcLib.Adodc del control AdoTasa no era una clase de control cargada.
Línea 111: la clase MSAdodcLib.Adodc del control AdoEmpresa no era una clase de control cargada.
Línea 157: la clase MSAdodcLib.Adodc del control AdoEncabezado no era una clase de control cargada.
Línea 203: la clase MSAdodcLib.Adodc del control DtaConsulta no era una clase de control cargada.
Línea 249: la clase MSAdodcLib.Adodc del control AdoCordenadas no era una clase de control cargada.
Línea 295: la clase SmartButtonProject.SmartButton del control SmartButton1 no era una clase de control cargada.
Línea 337: la clase ACTIVESKINLibCtl.SkinLabel del control SkinLabel1 no era una clase de control cargada.
Línea 345: la clase ACTIVESKINLibCtl.SkinLabel del control SkinLabel2 no era una clase de control cargada.
Línea 354: la clase ACTIVESKINLibCtl.Skin del control Skin1 no era una clase de control cargada.
Línea 359: la clase MSAdodcLib.Adodc del control AdoConfiguracionAccess no era una clase de control cargada.
Línea 405: la clase SmartButtonProject.SmartButton del control SmartButton2 no era una clase de control cargada.
Línea 24: el nombre de la propiedad _ExtentX de AdoCliente no es válido.
Línea 25: el nombre de la propiedad _ExtentY de AdoCliente no es válido.
Línea 26: el nombre de la propiedad ConnectMode de AdoCliente no es válido.
Línea 27: el nombre de la propiedad CursorLocation de AdoCliente no es válido.
Línea 28: el nombre de la propiedad IsolationLevel de AdoCliente no es válido.
Línea 29: el nombre de la propiedad ConnectionTimeout de AdoCliente no es válido.
Línea 30: el nombre de la propiedad CommandTimeout de AdoCliente no es válido.
Línea 31: el nombre de la propiedad CursorType de AdoCliente no es válido.
Línea 32: el nombre de la propiedad LockType de AdoCliente no es válido.
Línea 33: el nombre de la propiedad CommandType de AdoCliente no es válido.
Línea 34: el nombre de la propiedad CursorOptions de AdoCliente no es válido.
Línea 35: el nombre de la propiedad CacheSize de AdoCliente no es válido.
Línea 36: el nombre de la propiedad MaxRecords de AdoCliente no es válido.
Línea 37: el nombre de la propiedad BOFAction de AdoCliente no es válido.
Línea 38: el nombre de la propiedad EOFAction de AdoCliente no es válido.
Línea 39: el nombre de la propiedad ConnectStringType de AdoCliente no es válido.
Línea 43: el nombre de la propiedad Orientation de AdoCliente no es válido.
Línea 45: el nombre de la propiedad Connect de AdoCliente no es válido.
Línea 46: el nombre de la propiedad OLEDBString de AdoCliente no es válido.
Línea 47: el nombre de la propiedad OLEDBFile de AdoCliente no es válido.
Línea 48: el nombre de la propiedad DataSourceName de AdoCliente no es válido.
Línea 49: el nombre de la propiedad OtherAttributes de AdoCliente no es válido.
Línea 50: el nombre de la propiedad UserName de AdoCliente no es válido.
Línea 51: el nombre de la propiedad Password de AdoCliente no es válido.
Línea 52: el nombre de la propiedad RecordSource de AdoCliente no es válido.
Línea 53: el nombre de la propiedad Caption de AdoCliente no es válido.
Línea 63: el nombre de la propiedad _Version de AdoCliente no es válido.
Línea 70: el nombre de la propiedad _ExtentX de AdoTasa no es válido.
Línea 71: el nombre de la propiedad _ExtentY de AdoTasa no es válido.
Línea 72: el nombre de la propiedad ConnectMode de AdoTasa no es válido.
Línea 73: el nombre de la propiedad CursorLocation de AdoTasa no es válido.
Línea 74: el nombre de la propiedad IsolationLevel de AdoTasa no es válido.
Línea 75: el nombre de la propiedad ConnectionTimeout de AdoTasa no es válido.
Línea 76: el nombre de la propiedad CommandTimeout de AdoTasa no es válido.
Línea 77: el nombre de la propiedad CursorType de AdoTasa no es válido.
Línea 78: el nombre de la propiedad LockType de AdoTasa no es válido.
Línea 79: el nombre de la propiedad CommandType de AdoTasa no es válido.
Línea 80: el nombre de la propiedad CursorOptions de AdoTasa no es válido.
Línea 81: el nombre de la propiedad CacheSize de AdoTasa no es válido.
Línea 82: el nombre de la propiedad MaxRecords de AdoTasa no es válido.
Línea 83: el nombre de la propiedad BOFAction de AdoTasa no es válido.
Línea 84: el nombre de la propiedad EOFAction de AdoTasa no es válido.
Línea 85: el nombre de la propiedad ConnectStringType de AdoTasa no es válido.
Línea 89: el nombre de la propiedad Orientation de AdoTasa no es válido.
Línea 91: el nombre de la propiedad Connect de AdoTasa no es válido.
Línea 92: el nombre de la propiedad OLEDBString de AdoTasa no es válido.
Línea 93: el nombre de la propiedad OLEDBFile de AdoTasa no es válido.
Línea 94: el nombre de la propiedad DataSourceName de AdoTasa no es válido.
Línea 95: el nombre de la propiedad OtherAttributes de AdoTasa no es válido.
Línea 96: el nombre de la propiedad UserName de AdoTasa no es válido.
Línea 97: el nombre de la propiedad Password de AdoTasa no es válido.
Línea 98: el nombre de la propiedad RecordSource de AdoTasa no es válido.
Línea 99: el nombre de la propiedad Caption de AdoTasa no es válido.
Línea 109: el nombre de la propiedad _Version de AdoTasa no es válido.
Línea 116: el nombre de la propiedad _ExtentX de AdoEmpresa no es válido.
Línea 117: el nombre de la propiedad _ExtentY de AdoEmpresa no es válido.
Línea 118: el nombre de la propiedad ConnectMode de AdoEmpresa no es válido.
Línea 119: el nombre de la propiedad CursorLocation de AdoEmpresa no es válido.
Línea 120: el nombre de la propiedad IsolationLevel de AdoEmpresa no es válido.
Línea 121: el nombre de la propiedad ConnectionTimeout de AdoEmpresa no es válido.
Línea 122: el nombre de la propiedad CommandTimeout de AdoEmpresa no es válido.
Línea 123: el nombre de la propiedad CursorType de AdoEmpresa no es válido.
Línea 124: el nombre de la propiedad LockType de AdoEmpresa no es válido.
Línea 125: el nombre de la propiedad CommandType de AdoEmpresa no es válido.
Línea 126: el nombre de la propiedad CursorOptions de AdoEmpresa no es válido.
Línea 127: el nombre de la propiedad CacheSize de AdoEmpresa no es válido.
Línea 128: el nombre de la propiedad MaxRecords de AdoEmpresa no es válido.
Línea 129: el nombre de la propiedad BOFAction de AdoEmpresa no es válido.
Línea 130: el nombre de la propiedad EOFAction de AdoEmpresa no es válido.
Línea 131: el nombre de la propiedad ConnectStringType de AdoEmpresa no es válido.
Línea 135: el nombre de la propiedad Orientation de AdoEmpresa no es válido.
Línea 137: el nombre de la propiedad Connect de AdoEmpresa no es válido.
Línea 138: el nombre de la propiedad OLEDBString de AdoEmpresa no es válido.
Línea 139: el nombre de la propiedad OLEDBFile de AdoEmpresa no es válido.
Línea 140: el nombre de la propiedad DataSourceName de AdoEmpresa no es válido.
Línea 141: el nombre de la propiedad OtherAttributes de AdoEmpresa no es válido.
Línea 142: el nombre de la propiedad UserName de AdoEmpresa no es válido.
Línea 143: el nombre de la propiedad Password de AdoEmpresa no es válido.
Línea 144: el nombre de la propiedad RecordSource de AdoEmpresa no es válido.
Línea 145: el nombre de la propiedad Caption de AdoEmpresa no es válido.
Línea 155: el nombre de la propiedad _Version de AdoEmpresa no es válido.
Línea 162: el nombre de la propiedad _ExtentX de AdoEncabezado no es válido.
Línea 163: el nombre de la propiedad _ExtentY de AdoEncabezado no es válido.
Línea 164: el nombre de la propiedad ConnectMode de AdoEncabezado no es válido.
Línea 165: el nombre de la propiedad CursorLocation de AdoEncabezado no es válido.
Línea 166: el nombre de la propiedad IsolationLevel de AdoEncabezado no es válido.
Línea 167: el nombre de la propiedad ConnectionTimeout de AdoEncabezado no es válido.
Línea 168: el nombre de la propiedad CommandTimeout de AdoEncabezado no es válido.
Línea 169: el nombre de la propiedad CursorType de AdoEncabezado no es válido.
Línea 170: el nombre de la propiedad LockType de AdoEncabezado no es válido.
Línea 171: el nombre de la propiedad CommandType de AdoEncabezado no es válido.
Línea 172: el nombre de la propiedad CursorOptions de AdoEncabezado no es válido.
Línea 173: el nombre de la propiedad CacheSize de AdoEncabezado no es válido.
Línea 174: el nombre de la propiedad MaxRecords de AdoEncabezado no es válido.
Línea 175: el nombre de la propiedad BOFAction de AdoEncabezado no es válido.
Línea 176: el nombre de la propiedad EOFAction de AdoEncabezado no es válido.
Línea 177: el nombre de la propiedad ConnectStringType de AdoEncabezado no es válido.
Línea 181: el nombre de la propiedad Orientation de AdoEncabezado no es válido.
Línea 183: el nombre de la propiedad Connect de AdoEncabezado no es válido.
Línea 184: el nombre de la propiedad OLEDBString de AdoEncabezado no es válido.
Línea 185: el nombre de la propiedad OLEDBFile de AdoEncabezado no es válido.
Línea 186: el nombre de la propiedad DataSourceName de AdoEncabezado no es válido.
Línea 187: el nombre de la propiedad OtherAttributes de AdoEncabezado no es válido.
Línea 188: el nombre de la propiedad UserName de AdoEncabezado no es válido.
Línea 189: el nombre de la propiedad Password de AdoEncabezado no es válido.
Línea 190: el nombre de la propiedad RecordSource de AdoEncabezado no es válido.
Línea 191: el nombre de la propiedad Caption de AdoEncabezado no es válido.
Línea 201: el nombre de la propiedad _Version de AdoEncabezado no es válido.
Línea 208: el nombre de la propiedad _ExtentX de DtaConsulta no es válido.
Línea 209: el nombre de la propiedad _ExtentY de DtaConsulta no es válido.
Línea 210: el nombre de la propiedad ConnectMode de DtaConsulta no es válido.
Línea 211: el nombre de la propiedad CursorLocation de DtaConsulta no es válido.
Línea 212: el nombre de la propiedad IsolationLevel de DtaConsulta no es válido.
Línea 213: el nombre de la propiedad ConnectionTimeout de DtaConsulta no es válido.
Línea 214: el nombre de la propiedad CommandTimeout de DtaConsulta no es válido.
Línea 215: el nombre de la propiedad CursorType de DtaConsulta no es válido.
Línea 216: el nombre de la propiedad LockType de DtaConsulta no es válido.
Línea 217: el nombre de la propiedad CommandType de DtaConsulta no es válido.
Línea 218: el nombre de la propiedad CursorOptions de DtaConsulta no es válido.
Línea 219: el nombre de la propiedad CacheSize de DtaConsulta no es válido.
Línea 220: el nombre de la propiedad MaxRecords de DtaConsulta no es válido.
Línea 221: el nombre de la propiedad BOFAction de DtaConsulta no es válido.
Línea 222: el nombre de la propiedad EOFAction de DtaConsulta no es válido.
Línea 223: el nombre de la propiedad ConnectStringType de DtaConsulta no es válido.
Línea 227: el nombre de la propiedad Orientation de DtaConsulta no es válido.
Línea 229: el nombre de la propiedad Connect de DtaConsulta no es válido.
Línea 230: el nombre de la propiedad OLEDBString de DtaConsulta no es válido.
Línea 231: el nombre de la propiedad OLEDBFile de DtaConsulta no es válido.
Línea 232: el nombre de la propiedad DataSourceName de DtaConsulta no es válido.
Línea 233: el nombre de la propiedad OtherAttributes de DtaConsulta no es válido.
Línea 234: el nombre de la propiedad UserName de DtaConsulta no es válido.
Línea 235: el nombre de la propiedad Password de DtaConsulta no es válido.
Línea 236: el nombre de la propiedad RecordSource de DtaConsulta no es válido.
Línea 237: el nombre de la propiedad Caption de DtaConsulta no es válido.
Línea 247: el nombre de la propiedad _Version de DtaConsulta no es válido.
Línea 254: el nombre de la propiedad _ExtentX de AdoCordenadas no es válido.
Línea 255: el nombre de la propiedad _ExtentY de AdoCordenadas no es válido.
Línea 256: el nombre de la propiedad ConnectMode de AdoCordenadas no es válido.
Línea 257: el nombre de la propiedad CursorLocation de AdoCordenadas no es válido.
Línea 258: el nombre de la propiedad IsolationLevel de AdoCordenadas no es válido.
Línea 259: el nombre de la propiedad ConnectionTimeout de AdoCordenadas no es válido.
Línea 260: el nombre de la propiedad CommandTimeout de AdoCordenadas no es válido.
Línea 261: el nombre de la propiedad CursorType de AdoCordenadas no es válido.
Línea 262: el nombre de la propiedad LockType de AdoCordenadas no es válido.
Línea 263: el nombre de la propiedad CommandType de AdoCordenadas no es válido.
Línea 264: el nombre de la propiedad CursorOptions de AdoCordenadas no es válido.
Línea 265: el nombre de la propiedad CacheSize de AdoCordenadas no es válido.
Línea 266: el nombre de la propiedad MaxRecords de AdoCordenadas no es válido.
Línea 267: el nombre de la propiedad BOFAction de AdoCordenadas no es válido.
Línea 268: el nombre de la propiedad EOFAction de AdoCordenadas no es válido.
Línea 269: el nombre de la propiedad ConnectStringType de AdoCordenadas no es válido.
Línea 273: el nombre de la propiedad Orientation de AdoCordenadas no es válido.
Línea 275: el nombre de la propiedad Connect de AdoCordenadas no es válido.
Línea 276: el nombre de la propiedad OLEDBString de AdoCordenadas no es válido.
Línea 277: el nombre de la propiedad OLEDBFile de AdoCordenadas no es válido.
Línea 278: el nombre de la propiedad DataSourceName de AdoCordenadas no es válido.
Línea 279: el nombre de la propiedad OtherAttributes de AdoCordenadas no es válido.
Línea 280: el nombre de la propiedad UserName de AdoCordenadas no es válido.
Línea 281: el nombre de la propiedad Password de AdoCordenadas no es válido.
Línea 282: el nombre de la propiedad RecordSource de AdoCordenadas no es válido.
Línea 283: el nombre de la propiedad Caption de AdoCordenadas no es válido.
Línea 293: el nombre de la propiedad _Version de AdoCordenadas no es válido.
Línea 301: el nombre de la propiedad _ExtentX de SmartButton1 no es válido.
Línea 302: el nombre de la propiedad _ExtentY de SmartButton1 no es válido.
Línea 295: no se pudo establecer la propiedad Picture de SmartButton1.
Línea 340: el nombre de la propiedad OleObjectBlob de SkinLabel1 no es válido.
Línea 348: el nombre de la propiedad OleObjectBlob de SkinLabel2 no es válido.
Línea 356: el nombre de la propiedad OleObjectBlob de Skin1 no es válido.
Línea 364: el nombre de la propiedad _ExtentX de AdoConfiguracionAccess no es válido.
Línea 365: el nombre de la propiedad _ExtentY de AdoConfiguracionAccess no es válido.
Línea 366: el nombre de la propiedad ConnectMode de AdoConfiguracionAccess no es válido.
Línea 367: el nombre de la propiedad CursorLocation de AdoConfiguracionAccess no es válido.
Línea 368: el nombre de la propiedad IsolationLevel de AdoConfiguracionAccess no es válido.
Línea 369: el nombre de la propiedad ConnectionTimeout de AdoConfiguracionAccess no es válido.
Línea 370: el nombre de la propiedad CommandTimeout de AdoConfiguracionAccess no es válido.
Línea 371: el nombre de la propiedad CursorType de AdoConfiguracionAccess no es válido.
Línea 372: el nombre de la propiedad LockType de AdoConfiguracionAccess no es válido.
Línea 373: el nombre de la propiedad CommandType de AdoConfiguracionAccess no es válido.
Línea 374: el nombre de la propiedad CursorOptions de AdoConfiguracionAccess no es válido.
Línea 375: el nombre de la propiedad CacheSize de AdoConfiguracionAccess no es válido.
Línea 376: el nombre de la propiedad MaxRecords de AdoConfiguracionAccess no es válido.
Línea 377: el nombre de la propiedad BOFAction de AdoConfiguracionAccess no es válido.
Línea 378: el nombre de la propiedad EOFAction de AdoConfiguracionAccess no es válido.
Línea 379: el nombre de la propiedad ConnectStringType de AdoConfiguracionAccess no es válido.
Línea 383: el nombre de la propiedad Orientation de AdoConfiguracionAccess no es válido.
Línea 385: el nombre de la propiedad Connect de AdoConfiguracionAccess no es válido.
Línea 386: el nombre de la propiedad OLEDBString de AdoConfiguracionAccess no es válido.
Línea 387: el nombre de la propiedad OLEDBFile de AdoConfiguracionAccess no es válido.
Línea 388: el nombre de la propiedad DataSourceName de AdoConfiguracionAccess no es válido.
Línea 389: el nombre de la propiedad OtherAttributes de AdoConfiguracionAccess no es válido.
Línea 390: el nombre de la propiedad UserName de AdoConfiguracionAccess no es válido.
Línea 391: el nombre de la propiedad Password de AdoConfiguracionAccess no es válido.
Línea 392: el nombre de la propiedad RecordSource de AdoConfiguracionAccess no es válido.
Línea 393: el nombre de la propiedad Caption de AdoConfiguracionAccess no es válido.
Línea 403: el nombre de la propiedad _Version de AdoConfiguracionAccess no es válido.
Línea 411: el nombre de la propiedad _ExtentX de SmartButton2 no es válido.
Línea 412: el nombre de la propiedad _ExtentY de SmartButton2 no es válido.
Línea 405: no se pudo establecer la propiedad Picture de SmartButton2.
